SF:lib/utils/utils.dart
DA:2,1
DA:4,1
DA:8,1
DA:12,1
DA:15,1
DA:18,1
DA:21,1
DA:24,1
DA:27,1
LF:9
LH:9
end_of_record
SF:lib/model/city_name_data_model.dart
DA:4,6
LF:1
LH:1
end_of_record
SF:lib/model/mock_weather_data.dart
DA:4,3
DA:5,1
DA:6,1
DA:7,1
DA:10,1
DA:21,1
DA:22,1
DA:24,1
DA:31,0
DA:32,0
LF:10
LH:8
end_of_record
SF:lib/model/weather_data_model.dart
DA:266,2
DA:282,2
DA:283,2
DA:285,0
DA:293,2
DA:297,4
DA:299,0
DA:309,2
DA:314,4
DA:316,0
DA:338,2
DA:349,4
DA:351,0
DA:363,2
DA:369,4
DA:371,0
DA:385,2
DA:392,2
DA:393,2
DA:395,0
DA:407,2
DA:413,4
DA:415,0
LF:23
LH:16
end_of_record
SF:lib/model/weather_data_model.g.dart
DA:9,4
DA:10,4
DA:11,2
DA:12,6
DA:13,2
DA:14,2
DA:15,4
DA:16,2
DA:17,4
DA:18,4
DA:19,2
DA:20,4
DA:21,2
DA:22,2
DA:23,2
DA:24,2
DA:27,0
DA:28,0
DA:29,0
DA:30,0
DA:31,0
DA:32,0
DA:33,0
DA:34,0
DA:35,0
DA:36,0
DA:37,0
DA:38,0
DA:39,0
DA:40,0
DA:41,0
DA:44,4
DA:45,2
DA:48,0
DA:49,0
DA:52,4
DA:53,4
DA:54,4
DA:57,0
DA:58,0
DA:59,0
DA:62,4
DA:63,4
DA:64,4
DA:65,4
DA:66,4
DA:67,2
DA:68,2
DA:69,2
DA:70,2
DA:73,0
DA:74,0
DA:75,0
DA:76,0
DA:77,0
DA:78,0
DA:79,0
DA:80,0
DA:81,0
DA:84,4
DA:85,2
DA:86,2
DA:87,2
DA:90,0
DA:91,0
DA:92,0
DA:93,0
DA:96,4
DA:97,2
DA:98,2
DA:99,2
DA:100,2
DA:103,0
DA:104,0
DA:105,0
DA:106,0
DA:107,0
DA:110,4
DA:111,4
DA:112,2
DA:113,4
DA:116,0
DA:117,0
DA:118,0
DA:119,0
LF:85
LH:43
end_of_record
SF:lib/utils/weather_service.dart
DA:6,2
DA:8,4
DA:9,2
DA:11,4
DA:12,6
DA:13,2
DA:14,1
DA:16,0
LF:8
LH:7
end_of_record
SF:lib/home/widget/weather_details.dart
DA:8,1
DA:10,0
DA:12,1
DA:14,1
DA:20,1
DA:21,1
DA:22,1
DA:24,1
DA:26,1
DA:27,1
DA:28,1
DA:38,1
DA:39,1
DA:53,1
DA:54,1
LF:15
LH:14
end_of_record
SF:lib/search/widget/weather_icon.dart
DA:7,1
DA:11,0
DA:13,1
DA:15,1
DA:17,1
DA:19,1
LF:6
LH:5
end_of_record
SF:lib/weather/bloc/weather_state.dart
DA:14,1
DA:21,1
LF:2
LH:2
end_of_record
SF:lib/weather/bloc/weather_bloc.dart
DA:14,3
DA:15,2
DA:17,1
DA:20,2
DA:23,4
DA:24,2
DA:26,3
LF:7
LH:7
end_of_record
